<?xml version="1.0" encoding="UTF-8"?>
<!-- Generated by org.testng.reporters.JUnitReportReporter -->
<testsuite hostname="DESKTOP-4QS6S9L" failures="0" tests="1" name="com.test.TestMaven" time="0.019" errors="0" timestamp="2021-06-28T20:16:36 IST" skipped="0">
  <testcase classname="com.test.TestMaven" name="test1" time="0.019"/>
  <system-out/>
</testsuite> <!-- com.test.TestMaven -->
